<?xml version="1.0" encoding="UTF-8"?>
<!-- Generated by org.testng.reporters.JUnitReportReporter -->
<testsuite hostname="Noohakhaleel" failures="0" tests="1" name="testpkg.Instagramlogintest" time="0.352" errors="0" timestamp="2023-11-02T14:34:05 IST" skipped="0">
  <testcase classname="testpkg.Instagramlogintest" name="test" time="0.352"/>
  <system-out/>
</testsuite> <!-- testpkg.Instagramlogintest -->
